<?xml version="1.0" encoding="UTF-8"?>
<testng-results ignored="0" total="1" passed="1" failed="0" skipped="0">
  <reporter-output>
  </reporter-output>
  <suite started-at="2025-03-20T15:27:20 BOT" name="OpenCart Automation Suite" finished-at="2025-03-20T15:27:49 BOT" duration-ms="28885">
    <groups>
    </groups>
    <test started-at="2025-03-20T15:27:20 BOT" name="Shopping Cart Test" finished-at="2025-03-20T15:27:49 BOT" duration-ms="28885">
      <class name="tests.ShoppingCartTest">
        <test-method is-config="true" signature="setup()[pri:0, instance:tests.ShoppingCartTest@72057ecf]" started-at="2025-03-20T15:27:20 BOT" name="setup" finished-at="2025-03-20T15:27:25 BOT" duration-ms="4507" status="PASS">
          <reporter-output>
          </reporter-output>
        </test-method> <!-- setup -->
        <test-method signature="testShoppingCart()[pri:0, instance:tests.ShoppingCartTest@72057ecf]" started-at="2025-03-20T15:27:25 BOT" name="testShoppingCart" finished-at="2025-03-20T15:27:49 BOT" duration-ms="24112" status="PASS">
          <reporter-output>
          </reporter-output>
        </test-method> <!-- testShoppingCart -->
        <test-method is-config="true" signature="tearDown()[pri:0, instance:tests.ShoppingCartTest@72057ecf]" started-at="2025-03-20T15:27:49 BOT" name="tearDown" finished-at="2025-03-20T15:27:49 BOT" duration-ms="239" status="PASS">
          <reporter-output>
          </reporter-output>
        </test-method> <!-- tearDown -->
      </class> <!-- tests.ShoppingCartTest -->
    </test> <!-- Shopping Cart Test -->
  </suite> <!-- OpenCart Automation Suite -->
</testng-results>
